20:09:32.594 [main] INFO  c.d.u.SpringFrontendApplicationTests - Starting SpringFrontendApplicationTests on DESKTOP-TF6E4Q2 with PID 10140 (started by Denis in C:\Workspace\GitHub\spring-boot-web-app\team-frontend)
20:09:32.596 [main] DEBUG c.d.u.SpringFrontendApplicationTests - Running with Spring Boot v2.1.3.RELEASE, Spring v5.1.5.RELEASE
20:09:32.596 [main] INFO  c.d.u.SpringFrontendApplicationTests - The following profiles are active: dev
20:09:34.341 [main] INFO  o.s.b.a.s.s.UserDetailsServiceAutoConfiguration - 

Using generated security password: cb6b735e-2d92-449e-82b5-6416418ecb0a

20:09:34.488 [main] INFO  o.s.s.w.DefaultSecurityFilterChain - Creating filter chain: any request, [org.springframework.security.web.context.request.async.WebAsyncManagerIntegrationFilter@767191b1, org.springframework.security.web.context.SecurityContextPersistenceFilter@fcc6023, org.springframework.security.web.header.HeaderWriterFilter@672b72ba, org.springframework.security.web.csrf.CsrfFilter@2b03d52f, org.springframework.security.web.authentication.logout.LogoutFilter@7899de11, org.springframework.security.web.savedrequest.RequestCacheAwareFilter@36417a54, org.springframework.security.web.servletapi.SecurityContextHolderAwareRequestFilter@1ac4ccad, org.springframework.security.web.authentication.AnonymousAuthenticationFilter@34d52ecd, org.springframework.security.web.session.SessionManagementFilter@6c008c24, org.springframework.security.web.access.ExceptionTranslationFilter@711d1a52, org.springframework.security.web.access.intercept.FilterSecurityInterceptor@71904469]
20:09:34.531 [main] DEBUG c.d.ui.config.Wro4jConfiguration - WRO4J properties {disableCache=false, debug=true, encoding=UTF-8, jmxEnabled=true, resourceWatcherUpdatePeriod=0, preProcessors=cssUrlRewriting,cssImport,semicolonAppender, cacheUpdatePeriod=0, ignoreMissingResources=false, postProcessors=cssVariables,cssMinJawr,jsMin, mbeanName=wro, modelUpdatePeriod=0}
20:09:34.942 [main] INFO  o.s.s.c.ThreadPoolTaskExecutor - Initializing ExecutorService 'applicationTaskExecutor'
20:09:35.175 [main] INFO  o.s.b.a.w.s.WelcomePageHandlerMapping - Adding welcome page: class path resource [static/index.html]
20:09:35.758 [main] WARN  o.s.b.a.a.w.s.ManagementContextAutoConfiguration - Could not start embedded management container on different port (management endpoints are still available through JMX)
20:09:35.773 [main] INFO  c.d.u.SpringFrontendApplicationTests - Started SpringFrontendApplicationTests in 3.52 seconds (JVM running for 4.297)
20:09:36.030 [Thread-4] INFO  o.s.s.c.ThreadPoolTaskExecutor - Shutting down ExecutorService 'applicationTaskExecutor'
20:16:15.013 [main] INFO  c.d.ui.SpringFrontendApplication - Starting SpringFrontendApplication on DESKTOP-TF6E4Q2 with PID 5876 (C:\Workspace\GitHub\spring-boot-web-app\team-frontend\target\classes started by Denis in C:\Workspace\GitHub\spring-boot-web-app\team-frontend)
20:16:15.015 [main] DEBUG c.d.ui.SpringFrontendApplication - Running with Spring Boot v2.1.3.RELEASE, Spring v5.1.5.RELEASE
20:16:15.015 [main] INFO  c.d.ui.SpringFrontendApplication - The following profiles are active: local
20:16:15.982 [main] INFO  o.s.b.w.e.tomcat.TomcatWebServer - Tomcat initialized with port(s): 8082 (http)
20:16:16.000 [main] INFO  o.a.catalina.core.StandardService - Starting service [Tomcat]
20:16:16.000 [main] INFO  o.a.catalina.core.StandardEngine - Starting Servlet engine: [Apache Tomcat/9.0.16]
20:16:16.006 [main] INFO  o.a.c.core.AprLifecycleListener - The APR based Apache Tomcat Native library which allows optimal performance in production environments was not found on the java.library.path: [C:\Program Files\Java\jre1.8.0_131\bin;C:\WINDOWS\Sun\Java\bin;C:\WINDOWS\system32;C:\WINDOWS;C:/Program Files/Java/jdk1.8.0_131/bin/../jre/bin/server;C:/Program Files/Java/jdk1.8.0_131/bin/../jre/bin;C:/Program Files/Java/jdk1.8.0_131/bin/../jre/lib/amd64;C:\Program Files\Java\jdk1.8.0_131\bin;C:\WINDOWS\system32;C:\WINDOWS;C:\WINDOWS\System32\Wbem;C:\WINDOWS\System32\WindowsPowerShell\v1.0\;C:\Program Files\Git\cmd;C:\Program Files\Maven\bin;C:\Program Files\PuTTY\;C:\Program Files\TortoiseGit\bin;C:\WINDOWS\System32\OpenSSH\;C:\Program Files\Java\jdk1.8.0_131\bin;C:\Users\Denis\AppData\Local\Microsoft\WindowsApps;C:\Program Files\Maven\bin;;C:\Program Files\STS_3.9\sts-3.9.0.RELEASE;;.]
20:16:16.094 [main] INFO  o.a.c.c.C.[Tomcat].[localhost].[/] - Initializing Spring embedded WebApplicationContext
20:16:16.096 [main] INFO  o.s.web.context.ContextLoader - Root WebApplicationContext: initialization completed in 899 ms
20:16:16.117 [main] DEBUG c.d.ui.config.Wro4jConfiguration - WRO4J properties {disableCache=false, debug=true, encoding=UTF-8, jmxEnabled=true, resourceWatcherUpdatePeriod=0, preProcessors=cssUrlRewriting,cssImport,semicolonAppender, cacheUpdatePeriod=0, ignoreMissingResources=false, postProcessors=cssVariables,cssMinJawr,jsMin, mbeanName=wro, modelUpdatePeriod=0}
20:16:16.273 [main] INFO  ro.isdc.wro.http.WroFilter - wro4j version: 1.8.0
20:16:16.273 [main] INFO  ro.isdc.wro.http.WroFilter - wro4j configuration: ro.isdc.wro.config.jmx.WroConfiguration@aa4d8cc[
  cacheUpdatePeriod=0
  modelUpdatePeriod=0
  resourceWatcherUpdatePeriod=0
  resourceWatcherAsync=false
  gzipEnabled=true
  debug=true
  ignoreMissingResources=false
  cacheGzippedContent=false
  jmxEnabled=true
  wroManagerClassName=<null>
  encoding=UTF-8
  mbeanName=wro
  header=<null>
  connectionTimeout=2000
  parallelPreprocessing=false
  ignoreEmptyGroup=true
  ignoreFailingProcessor=false
  minimizeEnabled=true
]
20:16:16.473 [main] INFO  o.s.b.a.s.s.UserDetailsServiceAutoConfiguration - 

Using generated security password: 551c5d7e-e03c-4ed5-a717-e5693f0d875d

20:16:16.538 [main] INFO  o.s.s.w.DefaultSecurityFilterChain - Creating filter chain: any request, [org.springframework.security.web.context.request.async.WebAsyncManagerIntegrationFilter@623ebac7, org.springframework.security.web.context.SecurityContextPersistenceFilter@6e4f263e, org.springframework.security.web.header.HeaderWriterFilter@5a1c3cb4, org.springframework.security.web.csrf.CsrfFilter@618ff5c2, org.springframework.security.web.authentication.logout.LogoutFilter@12eedfee, org.springframework.security.web.savedrequest.RequestCacheAwareFilter@2f5b8250, org.springframework.security.web.servletapi.SecurityContextHolderAwareRequestFilter@ccf91df, org.springframework.security.web.authentication.AnonymousAuthenticationFilter@7c8c70d6, org.springframework.security.web.session.SessionManagementFilter@6f911326, org.springframework.security.web.access.ExceptionTranslationFilter@2630dbc4, org.springframework.security.web.access.intercept.FilterSecurityInterceptor@38b8b6c0]
20:16:16.654 [main] INFO  o.s.s.c.ThreadPoolTaskExecutor - Initializing ExecutorService 'applicationTaskExecutor'
20:16:16.750 [main] INFO  o.s.b.a.w.s.WelcomePageHandlerMapping - Adding welcome page: class path resource [static/index.html]
20:16:17.072 [main] INFO  o.s.b.w.e.tomcat.TomcatWebServer - Tomcat initialized with port(s): 8092 (http)
20:16:17.073 [main] INFO  o.a.catalina.core.StandardService - Starting service [Tomcat]
20:16:17.073 [main] INFO  o.a.catalina.core.StandardEngine - Starting Servlet engine: [Apache Tomcat/9.0.16]
20:16:17.095 [main] INFO  o.a.c.c.C.[.[localhost].[/] - Initializing Spring embedded WebApplicationContext
20:16:17.097 [main] INFO  o.s.web.context.ContextLoader - Root WebApplicationContext: initialization completed in 80 ms
20:16:17.113 [main] INFO  o.s.b.a.e.web.EndpointLinksResolver - Exposing 2 endpoint(s) beneath base path '/actuator'
20:16:17.167 [main] INFO  o.s.b.w.e.tomcat.TomcatWebServer - Tomcat started on port(s): 8092 (http) with context path ''
20:16:17.178 [main] INFO  o.s.b.w.e.tomcat.TomcatWebServer - Tomcat started on port(s): 8082 (http) with context path ''
20:16:17.181 [main] INFO  c.d.ui.SpringFrontendApplication - Started SpringFrontendApplication in 2.478 seconds (JVM running for 2.991)
20:16:38.535 [RMI TCP Connection(2)-127.0.0.1] INFO  o.s.b.a.SpringApplicationAdminMXBeanRegistrar$SpringApplicationAdmin - Application shutdown requested.
20:16:38.611 [RMI TCP Connection(2)-127.0.0.1] INFO  o.s.s.c.ThreadPoolTaskExecutor - Shutting down ExecutorService 'applicationTaskExecutor'
20:16:41.086 [main] INFO  c.d.ui.SpringFrontendApplication - Starting SpringFrontendApplication on DESKTOP-TF6E4Q2 with PID 1948 (C:\Workspace\GitHub\spring-boot-web-app\team-frontend\target\classes started by Denis in C:\Workspace\GitHub\spring-boot-web-app\team-frontend)
20:16:41.088 [main] DEBUG c.d.ui.SpringFrontendApplication - Running with Spring Boot v2.1.3.RELEASE, Spring v5.1.5.RELEASE
20:16:41.088 [main] INFO  c.d.ui.SpringFrontendApplication - The following profiles are active: local
20:16:41.964 [main] INFO  o.s.b.w.e.tomcat.TomcatWebServer - Tomcat initialized with port(s): 8082 (http)
20:16:41.981 [main] INFO  o.a.catalina.core.StandardService - Starting service [Tomcat]
20:16:41.981 [main] INFO  o.a.catalina.core.StandardEngine - Starting Servlet engine: [Apache Tomcat/9.0.16]
20:16:41.986 [main] INFO  o.a.c.core.AprLifecycleListener - The APR based Apache Tomcat Native library which allows optimal performance in production environments was not found on the java.library.path: [C:\Program Files\Java\jre1.8.0_131\bin;C:\WINDOWS\Sun\Java\bin;C:\WINDOWS\system32;C:\WINDOWS;C:/Program Files/Java/jdk1.8.0_131/bin/../jre/bin/server;C:/Program Files/Java/jdk1.8.0_131/bin/../jre/bin;C:/Program Files/Java/jdk1.8.0_131/bin/../jre/lib/amd64;C:\Program Files\Java\jdk1.8.0_131\bin;C:\WINDOWS\system32;C:\WINDOWS;C:\WINDOWS\System32\Wbem;C:\WINDOWS\System32\WindowsPowerShell\v1.0\;C:\Program Files\Git\cmd;C:\Program Files\Maven\bin;C:\Program Files\PuTTY\;C:\Program Files\TortoiseGit\bin;C:\WINDOWS\System32\OpenSSH\;C:\Program Files\Java\jdk1.8.0_131\bin;C:\Users\Denis\AppData\Local\Microsoft\WindowsApps;C:\Program Files\Maven\bin;;C:\Program Files\STS_3.9\sts-3.9.0.RELEASE;;.]
20:16:42.075 [main] INFO  o.a.c.c.C.[Tomcat].[localhost].[/] - Initializing Spring embedded WebApplicationContext
20:16:42.077 [main] INFO  o.s.web.context.ContextLoader - Root WebApplicationContext: initialization completed in 842 ms
20:16:42.094 [main] DEBUG c.d.ui.config.Wro4jConfiguration - WRO4J properties {disableCache=false, debug=true, encoding=UTF-8, jmxEnabled=true, resourceWatcherUpdatePeriod=0, preProcessors=cssUrlRewriting,cssImport,semicolonAppender, cacheUpdatePeriod=0, ignoreMissingResources=false, postProcessors=cssVariables,cssMinJawr,jsMin, mbeanName=wro, modelUpdatePeriod=0}
20:16:42.241 [main] INFO  ro.isdc.wro.http.WroFilter - wro4j version: 1.8.0
20:16:42.241 [main] INFO  ro.isdc.wro.http.WroFilter - wro4j configuration: ro.isdc.wro.config.jmx.WroConfiguration@2e51d054[
  cacheUpdatePeriod=0
  modelUpdatePeriod=0
  resourceWatcherUpdatePeriod=0
  resourceWatcherAsync=false
  gzipEnabled=true
  debug=true
  ignoreMissingResources=false
  cacheGzippedContent=false
  jmxEnabled=true
  wroManagerClassName=<null>
  encoding=UTF-8
  mbeanName=wro
  header=<null>
  connectionTimeout=2000
  parallelPreprocessing=false
  ignoreEmptyGroup=true
  ignoreFailingProcessor=false
  minimizeEnabled=true
]
20:16:42.414 [main] INFO  o.s.b.a.s.s.UserDetailsServiceAutoConfiguration - 

Using generated security password: 1ab1be48-dd7a-4eec-bbcb-c5c711625c03

20:16:42.472 [main] INFO  o.s.s.w.DefaultSecurityFilterChain - Creating filter chain: any request, [org.springframework.security.web.context.request.async.WebAsyncManagerIntegrationFilter@2e645fbd, org.springframework.security.web.context.SecurityContextPersistenceFilter@3a66e67e, org.springframework.security.web.header.HeaderWriterFilter@6f911326, org.springframework.security.web.csrf.CsrfFilter@1d9bd4da, org.springframework.security.web.authentication.logout.LogoutFilter@77bb48d5, org.springframework.security.web.savedrequest.RequestCacheAwareFilter@4596f8f3, org.springframework.security.web.servletapi.SecurityContextHolderAwareRequestFilter@12eedfee, org.springframework.security.web.authentication.AnonymousAuthenticationFilter@574a89e2, org.springframework.security.web.session.SessionManagementFilter@1b956cfa, org.springframework.security.web.access.ExceptionTranslationFilter@6ad16c5d, org.springframework.security.web.access.intercept.FilterSecurityInterceptor@623ebac7]
20:16:42.560 [main] INFO  o.s.s.c.ThreadPoolTaskExecutor - Initializing ExecutorService 'applicationTaskExecutor'
20:16:42.641 [main] INFO  o.s.b.a.w.s.WelcomePageHandlerMapping - Adding welcome page: class path resource [static/index.html]
20:16:42.904 [main] INFO  o.s.b.w.e.tomcat.TomcatWebServer - Tomcat initialized with port(s): 8092 (http)
20:16:42.905 [main] INFO  o.a.catalina.core.StandardService - Starting service [Tomcat]
20:16:42.906 [main] INFO  o.a.catalina.core.StandardEngine - Starting Servlet engine: [Apache Tomcat/9.0.16]
20:16:42.930 [main] INFO  o.a.c.c.C.[.[localhost].[/] - Initializing Spring embedded WebApplicationContext
20:16:42.931 [main] INFO  o.s.web.context.ContextLoader - Root WebApplicationContext: initialization completed in 76 ms
20:16:42.947 [main] INFO  o.s.b.a.e.web.EndpointLinksResolver - Exposing 2 endpoint(s) beneath base path '/actuator'
20:16:43.009 [main] INFO  o.s.b.w.e.tomcat.TomcatWebServer - Tomcat started on port(s): 8092 (http) with context path ''
20:16:43.020 [main] INFO  o.s.b.w.e.tomcat.TomcatWebServer - Tomcat started on port(s): 8082 (http) with context path ''
20:16:43.023 [main] INFO  c.d.ui.SpringFrontendApplication - Started SpringFrontendApplication in 2.24 seconds (JVM running for 2.708)
20:16:51.230 [http-nio-8082-exec-1] INFO  o.a.c.c.C.[Tomcat].[localhost].[/] - Initializing Spring DispatcherServlet 'dispatcherServlet'
20:16:51.232 [http-nio-8082-exec-1] INFO  o.s.web.servlet.DispatcherServlet - Initializing Servlet 'dispatcherServlet'
20:16:51.239 [http-nio-8082-exec-1] INFO  o.s.web.servlet.DispatcherServlet - Completed initialization in 7 ms
20:16:51.328 [http-nio-8082-exec-2] DEBUG c.d.ui.config.Wro4jConfiguration - loading from /wro.xml
20:16:51.356 [http-nio-8082-exec-3] INFO  c.d.ui.config.Wro4jConfiguration - Loading resource /wro.xml
20:17:07.334 [RMI TCP Connection(2)-127.0.0.1] INFO  o.s.b.a.SpringApplicationAdminMXBeanRegistrar$SpringApplicationAdmin - Application shutdown requested.
20:17:07.406 [RMI TCP Connection(2)-127.0.0.1] INFO  o.s.s.c.ThreadPoolTaskExecutor - Shutting down ExecutorService 'applicationTaskExecutor'
